\BOOKMARK [1][-]{section.1}{Introduction}{}% 1
\BOOKMARK [1][-]{section.2}{Notations}{}% 2
\BOOKMARK [1][-]{section.3}{Pivot algorithms and pivot rules}{}% 3
\BOOKMARK [2][-]{subsection.3.1}{Dantzig's Simplex Algorithm}{section.3}% 4
\BOOKMARK [2][-]{subsection.3.2}{Criss-cross algorithm}{section.3}% 5
\BOOKMARK [2][-]{subsection.3.3}{Pivoting rules}{section.3}% 6
\BOOKMARK [3][-]{subsubsection.3.3.1}{Dantzig's rule}{subsection.3.3}% 7
\BOOKMARK [3][-]{subsubsection.3.3.2}{Bland's Rule \(Least-index\)}{subsection.3.3}% 8
\BOOKMARK [3][-]{subsubsection.3.3.3}{Revised Simplex Method}{subsection.3.3}% 9
\BOOKMARK [3][-]{subsubsection.3.3.4}{Best improvement rule}{subsection.3.3}% 10
\BOOKMARK [3][-]{subsubsection.3.3.5}{Steepest edge rule}{subsection.3.3}% 11
\BOOKMARK [3][-]{subsubsection.3.3.6}{Last-in-first-out rule \(LIFO\)}{subsection.3.3}% 12
\BOOKMARK [3][-]{subsubsection.3.3.7}{Most-often-selected-variable \(MOSV\)}{subsection.3.3}% 13
\BOOKMARK [2][-]{subsection.3.4}{S-monotone index selection rules}{section.3}% 14
\BOOKMARK [1][-]{section.4}{Contemporary complexity analysis}{}% 15
\BOOKMARK [2][-]{subsection.4.1}{When will worst case happen}{section.4}% 16
\BOOKMARK [2][-]{subsection.4.2}{Kitahara and Mizuno analysis}{section.4}% 17
\BOOKMARK [3][-]{subsubsection.4.2.1}{LO with a totally unimodular matrix A and integral b}{subsection.4.2}% 18
\BOOKMARK [2][-]{subsection.4.3}{Del Pia and Michini Analysis}{section.4}% 19
\BOOKMARK [3][-]{subsubsection.4.3.1}{Algorithm Review and Complexity}{subsection.4.3}% 20
\BOOKMARK [2][-]{subsection.4.4}{Relationship to Previously Discussed Works}{section.4}% 21
\BOOKMARK [1][-]{section.5}{Conclusion}{}% 22
